{"C:\\Users\\mamea\\Desktop\\INGETIS\\M1DEV\\Projet-Fil-Rouge-M1\\ecotrack-db-devbeasts\\backend\\services\\iot-service\\src\\app.js": {"path":"C:\\Users\\mamea\\Desktop\\INGETIS\\M1DEV\\Projet-Fil-Rouge-M1\\ecotrack-db-devbeasts\\backend\\services\\iot-service\\src\\app.js","statementMap":{"0":{"start":{"line":1,"column":0},"end":{"line":1,"column":27}},"1":{"start":{"line":2,"column":16},"end":{"line":2,"column":34}},"2":{"start":{"line":3,"column":13},"end":{"line":3,"column":28}},"3":{"start":{"line":4,"column":15},"end":{"line":4,"column":32}},"4":{"start":{"line":5,"column":18},"end":{"line":5,"column":48}},"5":{"start":{"line":6,"column":24},"end":{"line":6,"column":54}},"6":{"start":{"line":8,"column":12},"end":{"line":8,"column":21}},"7":{"start":{"line":9,"column":13},"end":{"line":9,"column":37}},"8":{"start":{"line":10,"column":21},"end":{"line":10,"column":34}},"9":{"start":{"line":13,"column":0},"end":{"line":13,"column":18}},"10":{"start":{"line":14,"column":0},"end":{"line":14,"column":16}},"11":{"start":{"line":15,"column":0},"end":{"line":15,"column":24}},"12":{"start":{"line":16,"column":0},"end":{"line":16,"column":48}},"13":{"start":{"line":19,"column":0},"end":{"line":19,"column":31}},"14":{"start":{"line":22,"column":0},"end":{"line":29,"column":3}},"15":{"start":{"line":23,"column":2},"end":{"line":28,"column":5}},"16":{"start":{"line":32,"column":0},"end":{"line":38,"column":3}},"17":{"start":{"line":33,"column":2},"end":{"line":37,"column":5}},"18":{"start":{"line":41,"column":0},"end":{"line":41,"column":25}},"19":{"start":{"line":44,"column":0},"end":{"line":48,"column":3}},"20":{"start":{"line":45,"column":2},"end":{"line":45,"column":59}},"21":{"start":{"line":46,"column":2},"end":{"line":46,"column":79}},"22":{"start":{"line":47,"column":2},"end":{"line":47,"column":95}},"23":{"start":{"line":50,"column":0},"end":{"line":50,"column":21}}},"fnMap":{"0":{"name":"(anonymous_0)","decl":{"start":{"line":22,"column":19},"end":{"line":22,"column":20}},"loc":{"start":{"line":22,"column":33},"end":{"line":29,"column":1}},"line":22},"1":{"name":"(anonymous_1)","decl":{"start":{"line":32,"column":8},"end":{"line":32,"column":9}},"loc":{"start":{"line":32,"column":22},"end":{"line":38,"column":1}},"line":32},"2":{"name":"(anonymous_2)","decl":{"start":{"line":44,"column":17},"end":{"line":44,"column":18}},"loc":{"start":{"line":44,"column":23},"end":{"line":48,"column":1}},"line":44}},"branchMap":{"0":{"loc":{"start":{"line":9,"column":13},"end":{"line":9,"column":37}},"type":"binary-expr","locations":[{"start":{"line":9,"column":13},"end":{"line":9,"column":29}},{"start":{"line":9,"column":33},"end":{"line":9,"column":37}}],"line":9},"1":{"loc":{"start":{"line":47,"column":37},"end":{"line":47,"column":91}},"type":"cond-expr","locations":[{"start":{"line":47,"column":79},"end":{"line":47,"column":84}},{"start":{"line":47,"column":87},"end":{"line":47,"column":91}}],"line":47}},"s":{"0":1,"1":1,"2":1,"3":1,"4":1,"5":1,"6":1,"7":1,"8":1,"9":1,"10":1,"11":1,"12":1,"13":1,"14":1,"15":1,"16":1,"17":2,"18":1,"19":1,"20":1,"21":1,"22":1,"23":1},"f":{"0":1,"1":2,"2":1},"b":{"0":[1,1],"1":[0,1]},"_coverageSchema":"1a1c01bbd47fc00a2c39e90264f33305004495a9","hash":"cfab05328d8f2f5d2c5503c81ff84d651a222c0d"}
,"C:\\Users\\mamea\\Desktop\\INGETIS\\M1DEV\\Projet-Fil-Rouge-M1\\ecotrack-db-devbeasts\\backend\\services\\iot-service\\src\\controllers\\iot.controller.js": {"path":"C:\\Users\\mamea\\Desktop\\INGETIS\\M1DEV\\Projet-Fil-Rouge-M1\\ecotrack-db-devbeasts\\backend\\services\\iot-service\\src\\controllers\\iot.controller.js","statementMap":{"0":{"start":{"line":1,"column":23},"end":{"line":1,"column":38}},"1":{"start":{"line":2,"column":31},"end":{"line":2,"column":76}},"2":{"start":{"line":8,"column":0},"end":{"line":78,"column":2}},"3":{"start":{"line":9,"column":2},"end":{"line":77,"column":3}},"4":{"start":{"line":19,"column":8},"end":{"line":19,"column":16}},"5":{"start":{"line":22,"column":28},"end":{"line":32,"column":5}},"6":{"start":{"line":34,"column":4},"end":{"line":34,"column":92}},"7":{"start":{"line":37,"column":19},"end":{"line":40,"column":5}},"8":{"start":{"line":42,"column":4},"end":{"line":70,"column":5}},"9":{"start":{"line":43,"column":6},"end":{"line":55,"column":9}},"10":{"start":{"line":58,"column":6},"end":{"line":69,"column":9}},"11":{"start":{"line":72,"column":4},"end":{"line":72,"column":57}},"12":{"start":{"line":73,"column":4},"end":{"line":76,"column":7}},"13":{"start":{"line":84,"column":0},"end":{"line":133,"column":2}},"14":{"start":{"line":85,"column":2},"end":{"line":132,"column":3}},"15":{"start":{"line":86,"column":64},"end":{"line":86,"column":72}},"16":{"start":{"line":89,"column":4},"end":{"line":94,"column":5}},"17":{"start":{"line":90,"column":6},"end":{"line":93,"column":9}},"18":{"start":{"line":97,"column":27},"end":{"line":97,"column":85}},"19":{"start":{"line":99,"column":4},"end":{"line":104,"column":5}},"20":{"start":{"line":100,"column":6},"end":{"line":103,"column":9}},"21":{"start":{"line":106,"column":23},"end":{"line":112,"column":5}},"22":{"start":{"line":114,"column":4},"end":{"line":114,"column":72}},"23":{"start":{"line":116,"column":4},"end":{"line":125,"column":7}},"24":{"start":{"line":127,"column":4},"end":{"line":127,"column":54}},"25":{"start":{"line":128,"column":4},"end":{"line":131,"column":7}},"26":{"start":{"line":139,"column":0},"end":{"line":165,"column":2}},"27":{"start":{"line":140,"column":2},"end":{"line":164,"column":3}},"28":{"start":{"line":141,"column":27},"end":{"line":141,"column":37}},"29":{"start":{"line":145,"column":4},"end":{"line":157,"column":7}},"30":{"start":{"line":159,"column":4},"end":{"line":159,"column":51}},"31":{"start":{"line":160,"column":4},"end":{"line":163,"column":7}},"32":{"start":{"line":171,"column":0},"end":{"line":193,"column":2}},"33":{"start":{"line":172,"column":2},"end":{"line":192,"column":3}},"34":{"start":{"line":173,"column":4},"end":{"line":185,"column":7}},"35":{"start":{"line":187,"column":4},"end":{"line":187,"column":50}},"36":{"start":{"line":188,"column":4},"end":{"line":191,"column":7}}},"fnMap":{"0":{"name":"(anonymous_0)","decl":{"start":{"line":8,"column":28},"end":{"line":8,"column":29}},"loc":{"start":{"line":8,"column":48},"end":{"line":78,"column":1}},"line":8},"1":{"name":"(anonymous_1)","decl":{"start":{"line":84,"column":25},"end":{"line":84,"column":26}},"loc":{"start":{"line":84,"column":45},"end":{"line":133,"column":1}},"line":84},"2":{"name":"(anonymous_2)","decl":{"start":{"line":139,"column":20},"end":{"line":139,"column":21}},"loc":{"start":{"line":139,"column":40},"end":{"line":165,"column":1}},"line":139},"3":{"name":"(anonymous_3)","decl":{"start":{"line":171,"column":20},"end":{"line":171,"column":21}},"loc":{"start":{"line":171,"column":40},"end":{"line":193,"column":1}},"line":171}},"branchMap":{"0":{"loc":{"start":{"line":27,"column":25},"end":{"line":27,"column":70}},"type":"binary-expr","locations":[{"start":{"line":27,"column":25},"end":{"line":27,"column":42}},{"start":{"line":27,"column":46},"end":{"line":27,"column":70}}],"line":27},"1":{"loc":{"start":{"line":29,"column":22},"end":{"line":29,"column":43}},"type":"binary-expr","locations":[{"start":{"line":29,"column":22},"end":{"line":29,"column":36}},{"start":{"line":29,"column":40},"end":{"line":29,"column":43}}],"line":29},"2":{"loc":{"start":{"line":30,"column":16},"end":{"line":30,"column":31}},"type":"binary-expr","locations":[{"start":{"line":30,"column":16},"end":{"line":30,"column":24}},{"start":{"line":30,"column":28},"end":{"line":30,"column":31}}],"line":30},"3":{"loc":{"start":{"line":42,"column":4},"end":{"line":70,"column":5}},"type":"if","locations":[{"start":{"line":42,"column":4},"end":{"line":70,"column":5}},{"start":{"line":56,"column":11},"end":{"line":70,"column":5}}],"line":42},"4":{"loc":{"start":{"line":89,"column":4},"end":{"line":94,"column":5}},"type":"if","locations":[{"start":{"line":89,"column":4},"end":{"line":94,"column":5}},{"start":{},"end":{}}],"line":89},"5":{"loc":{"start":{"line":99,"column":4},"end":{"line":104,"column":5}},"type":"if","locations":[{"start":{"line":99,"column":4},"end":{"line":104,"column":5}},{"start":{},"end":{}}],"line":99}},"s":{"0":1,"1":1,"2":1,"3":13,"4":13,"5":13,"6":13,"7":13,"8":12,"9":11,"10":1,"11":1,"12":1,"13":1,"14":2,"15":2,"16":2,"17":2,"18":0,"19":0,"20":0,"21":0,"22":0,"23":0,"24":0,"25":0,"26":1,"27":2,"28":2,"29":2,"30":0,"31":0,"32":1,"33":1,"34":1,"35":0,"36":0},"f":{"0":13,"1":2,"2":2,"3":1},"b":{"0":[13,13],"1":[13,8],"2":[13,13],"3":[11,1],"4":[2,0],"5":[0,0]},"_coverageSchema":"1a1c01bbd47fc00a2c39e90264f33305004495a9","hash":"eae17eda6ea49fec89991777fc739c5589765568"}
,"C:\\Users\\mamea\\Desktop\\INGETIS\\M1DEV\\Projet-Fil-Rouge-M1\\ecotrack-db-devbeasts\\backend\\services\\iot-service\\src\\routes\\iot.routes.js": {"path":"C:\\Users\\mamea\\Desktop\\INGETIS\\M1DEV\\Projet-Fil-Rouge-M1\\ecotrack-db-devbeasts\\backend\\services\\iot-service\\src\\routes\\iot.routes.js","statementMap":{"0":{"start":{"line":1,"column":16},"end":{"line":1,"column":34}},"1":{"start":{"line":2,"column":15},"end":{"line":2,"column":31}},"2":{"start":{"line":3,"column":22},"end":{"line":3,"column":62}},"3":{"start":{"line":8,"column":4},"end":{"line":8,"column":40}},"4":{"start":{"line":14,"column":0},"end":{"line":19,"column":2}},"5":{"start":{"line":25,"column":0},"end":{"line":30,"column":2}},"6":{"start":{"line":36,"column":0},"end":{"line":36,"column":59}},"7":{"start":{"line":42,"column":0},"end":{"line":42,"column":47}},"8":{"start":{"line":44,"column":0},"end":{"line":44,"column":24}}},"fnMap":{},"branchMap":{},"s":{"0":1,"1":1,"2":1,"3":1,"4":1,"5":1,"6":1,"7":1,"8":1},"f":{},"b":{},"_coverageSchema":"1a1c01bbd47fc00a2c39e90264f33305004495a9","hash":"877b7b82a3eb06a7e14956fe94a413ab757a85c7"}
,"C:\\Users\\mamea\\Desktop\\INGETIS\\M1DEV\\Projet-Fil-Rouge-M1\\ecotrack-db-devbeasts\\backend\\services\\iot-service\\src\\services\\ContainerServiceClient.js": {"path":"C:\\Users\\mamea\\Desktop\\INGETIS\\M1DEV\\Projet-Fil-Rouge-M1\\ecotrack-db-devbeasts\\backend\\services\\iot-service\\src\\services\\ContainerServiceClient.js","statementMap":{"0":{"start":{"line":1,"column":14},"end":{"line":1,"column":30}},"1":{"start":{"line":5,"column":4},"end":{"line":5,"column":88}},"2":{"start":{"line":6,"column":4},"end":{"line":6,"column":24}},"3":{"start":{"line":16,"column":4},"end":{"line":34,"column":5}},"4":{"start":{"line":17,"column":23},"end":{"line":21,"column":7}},"5":{"start":{"line":22,"column":6},"end":{"line":26,"column":8}},"6":{"start":{"line":28,"column":6},"end":{"line":28,"column":79}},"7":{"start":{"line":29,"column":6},"end":{"line":33,"column":8}},"8":{"start":{"line":41,"column":4},"end":{"line":51,"column":5}},"9":{"start":{"line":42,"column":23},"end":{"line":46,"column":7}},"10":{"start":{"line":47,"column":6},"end":{"line":47,"column":52}},"11":{"start":{"line":49,"column":6},"end":{"line":49,"column":66}},"12":{"start":{"line":50,"column":6},"end":{"line":50,"column":54}},"13":{"start":{"line":58,"column":4},"end":{"line":70,"column":5}},"14":{"start":{"line":59,"column":23},"end":{"line":62,"column":7}},"15":{"start":{"line":63,"column":6},"end":{"line":63,"column":51}},"16":{"start":{"line":65,"column":6},"end":{"line":67,"column":7}},"17":{"start":{"line":66,"column":8},"end":{"line":66,"column":33}},"18":{"start":{"line":68,"column":6},"end":{"line":68,"column":66}},"19":{"start":{"line":69,"column":6},"end":{"line":69,"column":52}},"20":{"start":{"line":74,"column":0},"end":{"line":74,"column":46}}},"fnMap":{"0":{"name":"(anonymous_0)","decl":{"start":{"line":4,"column":2},"end":{"line":4,"column":3}},"loc":{"start":{"line":4,"column":16},"end":{"line":7,"column":3}},"line":4},"1":{"name":"(anonymous_1)","decl":{"start":{"line":15,"column":2},"end":{"line":15,"column":3}},"loc":{"start":{"line":15,"column":56},"end":{"line":35,"column":3}},"line":15},"2":{"name":"(anonymous_2)","decl":{"start":{"line":40,"column":2},"end":{"line":40,"column":3}},"loc":{"start":{"line":40,"column":35},"end":{"line":52,"column":3}},"line":40},"3":{"name":"(anonymous_3)","decl":{"start":{"line":57,"column":2},"end":{"line":57,"column":3}},"loc":{"start":{"line":57,"column":37},"end":{"line":71,"column":3}},"line":57}},"branchMap":{"0":{"loc":{"start":{"line":5,"column":19},"end":{"line":5,"column":87}},"type":"binary-expr","locations":[{"start":{"line":5,"column":19},"end":{"line":5,"column":52}},{"start":{"line":5,"column":56},"end":{"line":5,"column":87}}],"line":5},"1":{"loc":{"start":{"line":32,"column":20},"end":{"line":32,"column":49}},"type":"binary-expr","locations":[{"start":{"line":32,"column":20},"end":{"line":32,"column":42}},{"start":{"line":32,"column":46},"end":{"line":32,"column":49}}],"line":32},"2":{"loc":{"start":{"line":65,"column":6},"end":{"line":67,"column":7}},"type":"if","locations":[{"start":{"line":65,"column":6},"end":{"line":67,"column":7}},{"start":{},"end":{}}],"line":65}},"s":{"0":1,"1":1,"2":1,"3":0,"4":0,"5":0,"6":0,"7":0,"8":0,"9":0,"10":0,"11":0,"12":0,"13":0,"14":0,"15":0,"16":0,"17":0,"18":0,"19":0,"20":1},"f":{"0":1,"1":0,"2":0,"3":0},"b":{"0":[1,1],"1":[0,0],"2":[0,0]},"_coverageSchema":"1a1c01bbd47fc00a2c39e90264f33305004495a9","hash":"9198514d42af8943310070da204977b5888bc9a7"}
}
