TN:
SF:src\app.js
FN:22,(anonymous_0)
FN:32,(anonymous_1)
FN:44,(anonymous_2)
FNF:3
FNH:3
FNDA:1,(anonymous_0)
FNDA:2,(anonymous_1)
FNDA:1,(anonymous_2)
DA:1,1
DA:2,1
DA:3,1
DA:4,1
DA:5,1
DA:6,1
DA:8,1
DA:9,1
DA:10,1
DA:13,1
DA:14,1
DA:15,1
DA:16,1
DA:19,1
DA:22,1
DA:23,1
DA:32,1
DA:33,2
DA:41,1
DA:44,1
DA:45,1
DA:46,1
DA:47,1
DA:50,1
LF:24
LH:24
BRDA:9,0,0,1
BRDA:9,0,1,1
BRDA:47,1,0,0
BRDA:47,1,1,1
BRF:4
BRH:3
end_of_record
TN:
SF:src\controllers\iot.controller.js
FN:8,(anonymous_0)
FN:84,(anonymous_1)
FN:139,(anonymous_2)
FN:171,(anonymous_3)
FNF:4
FNH:4
FNDA:13,(anonymous_0)
FNDA:2,(anonymous_1)
FNDA:2,(anonymous_2)
FNDA:1,(anonymous_3)
DA:1,1
DA:2,1
DA:8,1
DA:9,13
DA:19,13
DA:22,13
DA:34,13
DA:37,13
DA:42,12
DA:43,11
DA:58,1
DA:72,1
DA:73,1
DA:84,1
DA:85,2
DA:86,2
DA:89,2
DA:90,2
DA:97,0
DA:99,0
DA:100,0
DA:106,0
DA:114,0
DA:116,0
DA:127,0
DA:128,0
DA:139,1
DA:140,2
DA:141,2
DA:145,2
DA:159,0
DA:160,0
DA:171,1
DA:172,1
DA:173,1
DA:187,0
DA:188,0
LF:37
LH:25
BRDA:27,0,0,13
BRDA:27,0,1,13
BRDA:29,1,0,13
BRDA:29,1,1,8
BRDA:30,2,0,13
BRDA:30,2,1,13
BRDA:42,3,0,11
BRDA:42,3,1,1
BRDA:89,4,0,2
BRDA:89,4,1,0
BRDA:99,5,0,0
BRDA:99,5,1,0
BRF:12
BRH:9
end_of_record
TN:
SF:src\routes\iot.routes.js
FNF:0
FNH:0
DA:1,1
DA:2,1
DA:3,1
DA:8,1
DA:14,1
DA:25,1
DA:36,1
DA:42,1
DA:44,1
LF:9
LH:9
BRF:0
BRH:0
end_of_record
TN:
SF:src\services\ContainerServiceClient.js
FN:4,(anonymous_0)
FN:15,(anonymous_1)
FN:40,(anonymous_2)
FN:57,(anonymous_3)
FNF:4
FNH:1
FNDA:1,(anonymous_0)
FNDA:0,(anonymous_1)
FNDA:0,(anonymous_2)
FNDA:0,(anonymous_3)
DA:1,1
DA:5,1
DA:6,1
DA:16,0
DA:17,0
DA:22,0
DA:28,0
DA:29,0
DA:41,0
DA:42,0
DA:47,0
DA:49,0
DA:50,0
DA:58,0
DA:59,0
DA:63,0
DA:65,0
DA:66,0
DA:68,0
DA:69,0
DA:74,1
LF:21
LH:4
BRDA:5,0,0,1
BRDA:5,0,1,1
BRDA:32,1,0,0
BRDA:32,1,1,0
BRDA:65,2,0,0
BRDA:65,2,1,0
BRF:6
BRH:2
end_of_record
